<?xml version="1.0" encoding="UTF-8"?>
<!-- Generated by org.testng.reporters.JUnitReportReporter -->
<testsuite hostname="VibinV" failures="0" tests="2" name="com.bestbuy.sampletest.SampleTest" time="5.025" errors="0" timestamp="2023-12-06T14:37:30 IST" skipped="0">
  <testcase classname="com.bestbuy.sampletest.SampleTest" name="testPage" time="2.886"/>
  <system-out>
    <![CDATA[Thats cool!!!]]>
  </system-out>
  <testcase classname="com.bestbuy.sampletest.SampleTest" name="testPageTitle" time="2.139"/>
  <system-out>
    <![CDATA[Thats cool!!!Page title is : Best Buy International: Select your Country - Best Buy]]>
  </system-out>
</testsuite> <!-- com.bestbuy.sampletest.SampleTest -->
