<?xml version="1.0" encoding="UTF-8"?>
<!-- Generated by org.testng.reporters.JUnitReportReporter -->
<testsuite hostname="VibinV" failures="0" tests="1" name="com.bestbuy.sampletest.SampleTest" time="4.980" errors="0" timestamp="2023-12-06T18:52:29 IST" skipped="0">
  <testcase classname="com.bestbuy.sampletest.SampleTest" name="testPageTitle" time="4.980"/>
  <system-out>
    <![CDATA[Thats cool!!!Page title is : Best Buy International: Select your Country - Best Buy]]>
  </system-out>
</testsuite> <!-- com.bestbuy.sampletest.SampleTest -->
