<?xml version="1.0" encoding="UTF-8"?>
<!-- Generated by org.testng.reporters.JUnitReportReporter -->
<testsuite hostname="VibinV" failures="0" tests="4" name="com.bestbuy.sampletest.SampleTest" time="10.786" errors="0" timestamp="2023-12-06T15:43:55 IST" skipped="0">
  <testcase classname="com.bestbuy.sampletest.SampleTest" name="test02" time="2.995"/>
  <system-out>
    <![CDATA[Thats cool!!!]]>
  </system-out>
  <testcase classname="com.bestbuy.sampletest.SampleTest" name="testPageTitle" time="2.604"/>
  <system-out>
    <![CDATA[Thats cool!!!Page title is : Best Buy International: Select your Country - Best Buy]]>
  </system-out>
  <testcase classname="com.bestbuy.sampletest.SampleTest" name="test04" time="2.602"/>
  <system-out>
    <![CDATA[Thats cool!!!]]>
  </system-out>
  <testcase classname="com.bestbuy.sampletest.SampleTest" name="test03" time="2.585"/>
  <system-out>
    <![CDATA[Thats cool!!!]]>
  </system-out>
</testsuite> <!-- com.bestbuy.sampletest.SampleTest -->
