<?xml version="1.0" encoding="UTF-8"?>
<!-- Generated by org.testng.reporters.JUnitReportReporter -->
<testsuite hostname="VibinV" failures="0" tests="5" name="com.bestbuy.sampletest.SampleTest" time="12.923" errors="0" timestamp="2023-12-06T15:51:03 IST" skipped="0">
  <testcase classname="com.bestbuy.sampletest.SampleTest" name="test02" time="3.017"/>
  <system-out>
    <![CDATA[Thats cool!!!]]>
  </system-out>
  <testcase classname="com.bestbuy.sampletest.SampleTest" name="testPageTitle" time="2.225"/>
  <system-out>
    <![CDATA[Thats cool!!!Page title is : Best Buy International: Select your Country - Best Buy]]>
  </system-out>
  <testcase classname="com.bestbuy.sampletest.SampleTest" name="test04" time="2.547"/>
  <system-out>
    <![CDATA[Thats cool!!!]]>
  </system-out>
  <testcase classname="com.bestbuy.sampletest.SampleTest" name="test05" time="2.547"/>
  <system-out>
    <![CDATA[Thats cool!!!]]>
  </system-out>
  <testcase classname="com.bestbuy.sampletest.SampleTest" name="test03" time="2.587"/>
  <system-out>
    <![CDATA[Thats cool!!!]]>
  </system-out>
</testsuite> <!-- com.bestbuy.sampletest.SampleTest -->
